<?xml version="1.0" encoding="UTF-8"?>
<beans xmlns="http://www.springframework.org/schema/beans"
	xmlns:context="http://www.springframework.org/schema/context"
	xmlns:xsi="http://www.w3.org/2001/XMLSchema-instance"
	xsi:schemaLocation="
   http://www.springframework.org/schema/beans     
   http://www.springframework.org/schema/beans/spring-beans-3.0.xsd
   http://www.springframework.org/schema/context 
   http://www.springframework.org/schema/context/spring-context-3.0.xsd">

	<context:component-scan base-package="com.exercise" />

	<context:property-placeholder location='test.properties' />

	<bean name="weatherService" class="com.exercise.service.WeatherService" />

	<bean name="weatherDao" class="com.exercise.dao.WeatherDaoXml">
		<property name="url" value="${weatherUrl}" />
		<property name="appId" value="${appId}" />
	</bean>

	<bean id="listOfCities" class="java.util.ArrayList">
		<constructor-arg>
			<list>
				<value>London</value>
				<value>Hong Kong</value>
			</list>
		</constructor-arg>
	</bean>

	<bean id="cityTimezones" class="java.util.HashMap">
		<constructor-arg>
			<map>
				<entry key="London" value="Europe/London" />
				<entry key="Hong Kong" value="Asia/Hong_Kong" />
			</map>
		</constructor-arg>
	</bean>

	<bean
		class="org.springframework.web.servlet.view.InternalResourceViewResolver">
		<property name="prefix" value="/WEB-INF/jsp/" />
		<property name="suffix" value=".jsp" />
	</bean>

</beans>